"ada";"MODEL_FAILED";"Error : Stopping"
"AdaBag";"MODEL_COMPLETE";""
"adaboost";"MODEL_FAILED";"Error : Stopping"
"bagEarth";"MODEL_COMPLETE";""
"bagEarthGCV";"MODEL_COMPLETE";""
"bagFDA";"MODEL_COMPLETE";""
"bagFDAGCV";"MODEL_COMPLETE";""
"bartMachine";"PACKAGES_UNAVAILABLE";"bartMachine"
"blasso";"MODEL_FAILED";"Error : wrong model type for classification"
"BstLm";"MODEL_COMPLETE";""
"bstSm";"MODEL_COMPLETE";""
"C5.0";"MODEL_COMPLETE";""
"C5.0Cost";"MODEL_FAILED";"Error : Stopping"
"C5.0Rules";"MODEL_COMPLETE";""
"C5.0Tree";"MODEL_COMPLETE";""
"cforest";"MODEL_COMPLETE";""
"chaid";"PACKAGES_UNAVAILABLE";"CHAID"
"ctree";"MODEL_COMPLETE";""
"ctree2";"MODEL_COMPLETE";""
"cubist";"MODEL_FAILED";"Error : wrong model type for classification"
"deepboost";"MODEL_FAILED";"Error : Stopping"
"earth";"MODEL_COMPLETE";""
"enet";"MODEL_FAILED";"Error : wrong model type for classification"
"evtree";"MODEL_COMPLETE";""
"extraTrees";"PACKAGES_UNAVAILABLE";"extraTrees"
"fda";"MODEL_COMPLETE";""
"gamboost";"MODEL_FAILED";"Error : Stopping"
"gbm_h2o";"MODEL_FAILED";"Error : Stopping"
"gbm";"MODEL_COMPLETE";""
"gcvEarth";"MODEL_COMPLETE";""
"glmnet_h2o";"MODEL_FAILED";"Error : Stopping"
"glmnet";"MODEL_COMPLETE";""
"glmStepAIC";"MODEL_FAILED";"Error : Stopping"
"J48";"PACKAGES_UNAVAILABLE";"RWeka"
"JRip";"PACKAGES_UNAVAILABLE";"RWeka"
"lars";"MODEL_FAILED";"Error : wrong model type for classification"
"lars2";"MODEL_FAILED";"Error : wrong model type for classification"
"lasso";"MODEL_FAILED";"Error : wrong model type for classification"
"LMT";"PACKAGES_UNAVAILABLE";"RWeka"
"LogitBoost";"MODEL_COMPLETE";""
"M5";"PACKAGES_UNAVAILABLE";"RWeka"
"M5Rules";"PACKAGES_UNAVAILABLE";"RWeka"
"msaenet";"MODEL_FAILED";"Error : Stopping"
"nodeHarvest";"MODEL_FAILED";"Error : Stopping"
"OneR";"PACKAGES_UNAVAILABLE";"RWeka"
"ordinalNet";"MODEL_COMPLETE";""
"ordinalRF";"MODEL_FAILED";"Error in { :   task 1 failed - \"arguments imply differing number of rows: 10, 0\""
"ORFlog";"MODEL_FAILED";"Error in { :   task 1 failed - \"length of 'dimnames' [2] not equal to array extent\""
"ORFpls";"MODEL_FAILED";"Error in { :   task 1 failed - \"length of 'dimnames' [2] not equal to array extent\""
"ORFridge";"MODEL_FAILED";"Error in { :   task 1 failed - \"length of 'dimnames' [2] not equal to array extent\""
"ORFsvm";"MODEL_FAILED";"Error in { :   task 1 failed - \"length of 'dimnames' [2] not equal to array extent\""
"pam";"MODEL_COMPLETE";""
"parRF";"MODEL_COMPLETE";""
"PART";"PACKAGES_UNAVAILABLE";"RWeka"
"penalized";"MODEL_FAILED";"Error : wrong model type for classification"
"PenalizedLDA";"MODEL_COMPLETE";""
"qrf";"MODEL_FAILED";"Error : wrong model type for classification"
"ranger";"MODEL_COMPLETE";""
"Rborist";"MODEL_COMPLETE";""
"relaxo";"MODEL_FAILED";"Error : wrong model type for classification"
"rf";"MODEL_COMPLETE";""
"rFerns";"MODEL_COMPLETE";""
"rfRules";"MODEL_COMPLETE";""
"rotationForest";"MODEL_FAILED";"Error : Stopping"
"rotationForestCp";"MODEL_FAILED";"Error : Stopping"
"rpart";"MODEL_COMPLETE";""
"rpart1SE";"MODEL_COMPLETE";""
"rpart2";"MODEL_COMPLETE";""
"rpartCost";"MODEL_FAILED";"Error : Stopping"
"rpartScore";"MODEL_COMPLETE";""
"rqlasso";"MODEL_FAILED";"Error : wrong model type for classification"
"rqnc";"MODEL_FAILED";"Error : wrong model type for classification"
"RRF";"MODEL_COMPLETE";""
"RRFglobal";"MODEL_COMPLETE";""
"sdwd";"PACKAGES_UNAVAILABLE";"sdwd"
"smda";"MODEL_COMPLETE";""
"sparseLDA";"MODEL_COMPLETE";""
"spikeslab";"MODEL_FAILED";"Error : wrong model type for classification"
"wsrf";"MODEL_COMPLETE";""
"xgbDART";"MODEL_COMPLETE";""
"xgbLinear";"MODEL_COMPLETE";""
"xgbTree";"MODEL_COMPLETE";""
